  [1m[36m (6.1ms)[0m  [1mCREATE TABLE "schema_migrations" ("version" varchar NOT NULL) [0m
  [1m[35m (0.1ms)[0m  select sqlite_version(*)
  [1m[36m (8.3ms)[0m  [1mCREATE UNIQUE INDEX "unique_schema_migrations" ON "schema_migrations" ("version")[0m
  [1m[35mActiveRecord::SchemaMigration Load (0.2ms)[0m  SELECT "schema_migrations".* FROM "schema_migrations"


Started GET "/" for ::1 at 2016-06-27 19:10:45 -0400

Gem::LoadError (Specified 'sqlite3' for database adapter, but the gem is not loaded. Add `gem 'sqlite3'` to your Gemfile (and ensure its version is at the minimum required by ActiveRecord).):
  activerecord (4.2.2) lib/active_record/connection_adapters/connection_specification.rb:177:in `rescue in spec'
  activerecord (4.2.2) lib/active_record/connection_adapters/connection_specification.rb:174:in `spec'
  activerecord (4.2.2) lib/active_record/connection_handling.rb:50:in `establish_connection'
  activerecord (4.2.2) lib/active_record/railtie.rb:120:in `block (2 levels) in <class:Railtie>'
  activesupport (4.2.2) lib/active_support/lazy_load_hooks.rb:38:in `instance_eval'
  activesupport (4.2.2) lib/active_support/lazy_load_hooks.rb:38:in `execute_hook'
  activesupport (4.2.2) lib/active_support/lazy_load_hooks.rb:45:in `block in run_load_hooks'
  activesupport (4.2.2) lib/active_support/lazy_load_hooks.rb:44:in `each'
  activesupport (4.2.2) lib/active_support/lazy_load_hooks.rb:44:in `run_load_hooks'
  activerecord (4.2.2) lib/active_record/base.rb:316:in `<module:ActiveRecord>'
  activerecord (4.2.2) lib/active_record/base.rb:26:in `<top (required)>'
  activerecord (4.2.2) lib/active_record/migration.rb:384:in `connection'
  activerecord (4.2.2) lib/active_record/migration.rb:371:in `call'
  actionpack (4.2.2) lib/action_dispatch/middleware/callbacks.rb:29:in `block in call'
  activesupport (4.2.2) lib/active_support/callbacks.rb:88:in `call'
  activesupport (4.2.2) lib/active_support/callbacks.rb:88:in `_run_callbacks'
  activesupport (4.2.2) lib/active_support/callbacks.rb:776:in `_run_call_callbacks'
  activesupport (4.2.2) lib/active_support/callbacks.rb:81:in `run_callbacks'
  actionpack (4.2.2) lib/action_dispatch/middleware/callbacks.rb:27:in `call'
  actionpack (4.2.2) lib/action_dispatch/middleware/reloader.rb:73:in `call'
  actionpack (4.2.2) lib/action_dispatch/middleware/remote_ip.rb:78:in `call'
  actionpack (4.2.2) lib/action_dispatch/middleware/debug_exceptions.rb:17:in `call'
  actionpack (4.2.2) lib/action_dispatch/middleware/show_exceptions.rb:30:in `call'
  railties (4.2.2) lib/rails/rack/logger.rb:38:in `call_app'
  railties (4.2.2) lib/rails/rack/logger.rb:20:in `block in call'
  activesupport (4.2.2) lib/active_support/tagged_logging.rb:68:in `block in tagged'
  activesupport (4.2.2) lib/active_support/tagged_logging.rb:26:in `tagged'
  activesupport (4.2.2) lib/active_support/tagged_logging.rb:68:in `tagged'
  railties (4.2.2) lib/rails/rack/logger.rb:20:in `call'
  actionpack (4.2.2) lib/action_dispatch/middleware/request_id.rb:21:in `call'
  rack (1.6.4) lib/rack/methodoverride.rb:22:in `call'
  rack (1.6.4) lib/rack/runtime.rb:18:in `call'
  activesupport (4.2.2) lib/active_support/cache/strategy/local_cache_middleware.rb:28:in `call'
  rack (1.6.4) lib/rack/lock.rb:17:in `call'
  actionpack (4.2.2) lib/action_dispatch/middleware/static.rb:113:in `call'
  rack (1.6.4) lib/rack/sendfile.rb:113:in `call'
  railties (4.2.2) lib/rails/engine.rb:518:in `call'
  railties (4.2.2) lib/rails/application.rb:164:in `call'
  rack (1.6.4) lib/rack/lock.rb:17:in `call'
  rack (1.6.4) lib/rack/content_length.rb:15:in `call'
  rack (1.6.4) lib/rack/handler/webrick.rb:88:in `service'
  /Users/clean/.rvm/rubies/ruby-2.2.5/lib/ruby/2.2.0/webrick/httpserver.rb:138:in `service'
  /Users/clean/.rvm/rubies/ruby-2.2.5/lib/ruby/2.2.0/webrick/httpserver.rb:94:in `run'
  /Users/clean/.rvm/rubies/ruby-2.2.5/lib/ruby/2.2.0/webrick/server.rb:294:in `block in start_thread'


  Rendered /Users/clean/.rvm/gems/ruby-2.2.5/gems/actionpack-4.2.2/lib/action_dispatch/middleware/templates/rescues/_source.erb (3.6ms)
  Rendered /Users/clean/.rvm/gems/ruby-2.2.5/gems/actionpack-4.2.2/lib/action_dispatch/middleware/templates/rescues/_trace.html.erb (3.6ms)
  Rendered /Users/clean/.rvm/gems/ruby-2.2.5/gems/actionpack-4.2.2/lib/action_dispatch/middleware/templates/rescues/_request_and_response.html.erb (2.0ms)
  Rendered /Users/clean/.rvm/gems/ruby-2.2.5/gems/actionpack-4.2.2/lib/action_dispatch/middleware/templates/rescues/diagnostics.html.erb within rescues/layout (77.5ms)


Started GET "/" for ::1 at 2016-06-27 19:11:15 -0400
Processing by DPagesController#home as HTML
  Rendered d_pages/home.html.erb within layouts/application (279.5ms)
  Rendered layouts/_head.html.erb (51.3ms)
  Rendered layouts/_navbar.html.erb (0.9ms)
Completed 200 OK in 366ms (Views: 354.8ms | ActiveRecord: 0.0ms)


Started GET "/" for ::1 at 2016-06-27 19:12:08 -0400
Processing by DPagesController#home as HTML
  Rendered d_pages/home.html.erb within layouts/application (3.7ms)
  Rendered layouts/_head.html.erb (21.2ms)
  Rendered layouts/_navbar.html.erb (0.3ms)
Completed 200 OK in 35ms (Views: 34.0ms | ActiveRecord: 0.0ms)


Started GET "/assets/application.self-3bb34414651dec87f35c8fd06453220e3b0cee66c5e3595471bba8435a650760.css?body=1" for ::1 at 2016-06-27 19:12:08 -0400


Started GET "/assets/d_pages.self-e3b0c44298fc1c149afbf4c8996fb92427ae41e4649b934ca495991b7852b855.css?body=1" for ::1 at 2016-06-27 19:12:08 -0400


Started GET "/assets/jquery.self-660adc51e0224b731d29f575a6f1ec167ba08ad06ed5deca4f1e8654c135bf4c.js?body=1" for ::1 at 2016-06-27 19:12:08 -0400


Started GET "/assets/turbolinks.self-c37727e9bd6b2735da5c311aa83fead54ed0be6cc8bd9a65309e9c5abe2cbfff.js?body=1" for ::1 at 2016-06-27 19:12:08 -0400


Started GET "/assets/application.self-3b8dabdc891efe46b9a144b400ad69e37d7e5876bdc39dee783419a69d7ca819.js?body=1" for ::1 at 2016-06-27 19:12:08 -0400


Started GET "/assets/jquery_ujs.self-e87806d0cf4489aeb1bb7288016024e8de67fd18db693fe026fe3907581e53cd.js?body=1" for ::1 at 2016-06-27 19:12:08 -0400


Started GET "/assets/d_pages.self-877aef30ae1b040ab8a3aba4e3e309a11d7f2612f44dde450b5c157aa5f95c05.js?body=1" for ::1 at 2016-06-27 19:12:08 -0400


Started GET "/" for ::1 at 2016-06-27 19:12:19 -0400
Processing by DPagesController#home as HTML
  Rendered d_pages/home.html.erb within layouts/application (3.4ms)
  Rendered layouts/_head.html.erb (55.6ms)
  Rendered layouts/_navbar.html.erb (0.2ms)
Completed 200 OK in 68ms (Views: 67.8ms | ActiveRecord: 0.0ms)


Started GET "/assets/d_pages.self-e3b0c44298fc1c149afbf4c8996fb92427ae41e4649b934ca495991b7852b855.css?body=1" for ::1 at 2016-06-27 19:12:19 -0400


Started GET "/assets/jquery_ujs.self-e87806d0cf4489aeb1bb7288016024e8de67fd18db693fe026fe3907581e53cd.js?body=1" for ::1 at 2016-06-27 19:12:19 -0400


Started GET "/assets/jquery.self-660adc51e0224b731d29f575a6f1ec167ba08ad06ed5deca4f1e8654c135bf4c.js?body=1" for ::1 at 2016-06-27 19:12:19 -0400


Started GET "/assets/application.self-3bb34414651dec87f35c8fd06453220e3b0cee66c5e3595471bba8435a650760.css?body=1" for ::1 at 2016-06-27 19:12:19 -0400


Started GET "/assets/turbolinks.self-c37727e9bd6b2735da5c311aa83fead54ed0be6cc8bd9a65309e9c5abe2cbfff.js?body=1" for ::1 at 2016-06-27 19:12:19 -0400


Started GET "/assets/d_pages.self-877aef30ae1b040ab8a3aba4e3e309a11d7f2612f44dde450b5c157aa5f95c05.js?body=1" for ::1 at 2016-06-27 19:12:19 -0400


Started GET "/assets/application.self-3b8dabdc891efe46b9a144b400ad69e37d7e5876bdc39dee783419a69d7ca819.js?body=1" for ::1 at 2016-06-27 19:12:19 -0400


Started GET "/" for ::1 at 2016-06-27 19:27:10 -0400
Processing by DPagesController#home as HTML
  Rendered d_pages/home.html.erb within layouts/application (376.3ms)
  Rendered layouts/_head.html.erb (109.7ms)
  Rendered layouts/_navbar.html.erb (1.7ms)
Completed 200 OK in 517ms (Views: 507.3ms | ActiveRecord: 0.0ms)


Started GET "/assets/mich_home-435e2b1ac2c288a5b1bdb2faa244b81bd7b7752df7e206a87868fbf4d381b8a8.jpg" for ::1 at 2016-06-27 19:27:11 -0400


Started GET "/" for ::1 at 2016-06-27 19:27:28 -0400
Processing by DPagesController#home as HTML
  Rendered d_pages/home.html.erb within layouts/application (3.8ms)
  Rendered layouts/_head.html.erb (19.8ms)
  Rendered layouts/_navbar.html.erb (0.6ms)
Completed 200 OK in 35ms (Views: 34.6ms | ActiveRecord: 0.0ms)


Started GET "/assets/d_pages.self-e3b0c44298fc1c149afbf4c8996fb92427ae41e4649b934ca495991b7852b855.css?body=1" for ::1 at 2016-06-27 19:27:28 -0400


Started GET "/assets/d_pages.self-877aef30ae1b040ab8a3aba4e3e309a11d7f2612f44dde450b5c157aa5f95c05.js?body=1" for ::1 at 2016-06-27 19:27:28 -0400


Started GET "/assets/application.self-3b8dabdc891efe46b9a144b400ad69e37d7e5876bdc39dee783419a69d7ca819.js?body=1" for ::1 at 2016-06-27 19:27:28 -0400


Started GET "/assets/turbolinks.self-c37727e9bd6b2735da5c311aa83fead54ed0be6cc8bd9a65309e9c5abe2cbfff.js?body=1" for ::1 at 2016-06-27 19:27:28 -0400


Started GET "/assets/jquery.self-660adc51e0224b731d29f575a6f1ec167ba08ad06ed5deca4f1e8654c135bf4c.js?body=1" for ::1 at 2016-06-27 19:27:28 -0400


Started GET "/assets/application.self-3bb34414651dec87f35c8fd06453220e3b0cee66c5e3595471bba8435a650760.css?body=1" for ::1 at 2016-06-27 19:27:28 -0400


Started GET "/assets/jquery_ujs.self-e87806d0cf4489aeb1bb7288016024e8de67fd18db693fe026fe3907581e53cd.js?body=1" for ::1 at 2016-06-27 19:27:28 -0400


Started GET "/assets/mich_home-435e2b1ac2c288a5b1bdb2faa244b81bd7b7752df7e206a87868fbf4d381b8a8.jpg" for ::1 at 2016-06-27 19:27:28 -0400


Started GET "/" for ::1 at 2016-06-27 19:27:31 -0400
Processing by DPagesController#home as HTML
  Rendered d_pages/home.html.erb within layouts/application (2.0ms)
  Rendered layouts/_head.html.erb (32.5ms)
  Rendered layouts/_navbar.html.erb (0.3ms)
Completed 200 OK in 43ms (Views: 42.9ms | ActiveRecord: 0.0ms)


Started GET "/assets/d_pages.self-e3b0c44298fc1c149afbf4c8996fb92427ae41e4649b934ca495991b7852b855.css?body=1" for ::1 at 2016-06-27 19:27:31 -0400


Started GET "/assets/application.self-3bb34414651dec87f35c8fd06453220e3b0cee66c5e3595471bba8435a650760.css?body=1" for ::1 at 2016-06-27 19:27:31 -0400


Started GET "/assets/jquery_ujs.self-e87806d0cf4489aeb1bb7288016024e8de67fd18db693fe026fe3907581e53cd.js?body=1" for ::1 at 2016-06-27 19:27:31 -0400


Started GET "/assets/turbolinks.self-c37727e9bd6b2735da5c311aa83fead54ed0be6cc8bd9a65309e9c5abe2cbfff.js?body=1" for ::1 at 2016-06-27 19:27:31 -0400


Started GET "/assets/jquery.self-660adc51e0224b731d29f575a6f1ec167ba08ad06ed5deca4f1e8654c135bf4c.js?body=1" for ::1 at 2016-06-27 19:27:31 -0400


Started GET "/assets/d_pages.self-877aef30ae1b040ab8a3aba4e3e309a11d7f2612f44dde450b5c157aa5f95c05.js?body=1" for ::1 at 2016-06-27 19:27:31 -0400


Started GET "/assets/application.self-3b8dabdc891efe46b9a144b400ad69e37d7e5876bdc39dee783419a69d7ca819.js?body=1" for ::1 at 2016-06-27 19:27:31 -0400


Started GET "/assets/mich_home-435e2b1ac2c288a5b1bdb2faa244b81bd7b7752df7e206a87868fbf4d381b8a8.jpg" for ::1 at 2016-06-27 19:27:31 -0400


Started GET "/" for ::1 at 2016-06-27 19:27:42 -0400
Processing by DPagesController#home as HTML
  Rendered d_pages/home.html.erb within layouts/application (6.1ms)
  Rendered layouts/_head.html.erb (36.3ms)
  Rendered layouts/_navbar.html.erb (0.3ms)
Completed 200 OK in 55ms (Views: 54.0ms | ActiveRecord: 0.0ms)


Started GET "/assets/d_pages.self-e3b0c44298fc1c149afbf4c8996fb92427ae41e4649b934ca495991b7852b855.css?body=1" for ::1 at 2016-06-27 19:27:42 -0400


Started GET "/assets/jquery.self-660adc51e0224b731d29f575a6f1ec167ba08ad06ed5deca4f1e8654c135bf4c.js?body=1" for ::1 at 2016-06-27 19:27:42 -0400


Started GET "/assets/turbolinks.self-c37727e9bd6b2735da5c311aa83fead54ed0be6cc8bd9a65309e9c5abe2cbfff.js?body=1" for ::1 at 2016-06-27 19:27:42 -0400


Started GET "/assets/application.self-3bb34414651dec87f35c8fd06453220e3b0cee66c5e3595471bba8435a650760.css?body=1" for ::1 at 2016-06-27 19:27:42 -0400


Started GET "/assets/d_pages.self-877aef30ae1b040ab8a3aba4e3e309a11d7f2612f44dde450b5c157aa5f95c05.js?body=1" for ::1 at 2016-06-27 19:27:42 -0400


Started GET "/assets/application.self-3b8dabdc891efe46b9a144b400ad69e37d7e5876bdc39dee783419a69d7ca819.js?body=1" for ::1 at 2016-06-27 19:27:42 -0400


Started GET "/assets/jquery_ujs.self-e87806d0cf4489aeb1bb7288016024e8de67fd18db693fe026fe3907581e53cd.js?body=1" for ::1 at 2016-06-27 19:27:42 -0400


Started GET "/assets/mich_home-435e2b1ac2c288a5b1bdb2faa244b81bd7b7752df7e206a87868fbf4d381b8a8.jpg" for ::1 at 2016-06-27 19:27:42 -0400
