D, [2016-06-27T15:17:02.731736 #21369] DEBUG -- :   [1m[36m (6.6ms)[0m  [1mCREATE TABLE "schema_migrations" ("version" varchar NOT NULL) [0m
D, [2016-06-27T15:17:02.732182 #21369] DEBUG -- :   [1m[35m (0.1ms)[0m  select sqlite_version(*)
D, [2016-06-27T15:17:02.735855 #21369] DEBUG -- :   [1m[36m (3.2ms)[0m  [1mCREATE UNIQUE INDEX "unique_schema_migrations" ON "schema_migrations" ("version")[0m
I, [2016-06-27T16:24:55.560056 #10930]  INFO -- : Started GET "/" for 209.6.62.22 at 2016-06-27 16:24:55 -0400
I, [2016-06-27T16:24:55.576437 #10930]  INFO -- : Processing by DPagesController#home as HTML
I, [2016-06-27T16:24:55.602864 #10930]  INFO -- :   Rendered d_pages/home.html.erb within layouts/application (5.3ms)
I, [2016-06-27T16:24:55.606957 #10930]  INFO -- :   Rendered layouts/_head.html.erb (2.2ms)
I, [2016-06-27T16:24:55.610552 #10930]  INFO -- :   Rendered layouts/_navbar.html.erb (2.5ms)
I, [2016-06-27T16:24:55.611322 #10930]  INFO -- : Completed 200 OK in 35ms (Views: 18.6ms | ActiveRecord: 0.0ms)
I, [2016-06-27T18:50:34.802041 #20437]  INFO -- : Started GET "/" for 209.6.62.22 at 2016-06-27 18:50:34 -0400
I, [2016-06-27T18:50:34.821626 #20437]  INFO -- : Processing by DPagesController#home as HTML
I, [2016-06-27T18:50:34.852685 #20437]  INFO -- :   Rendered d_pages/home.html.erb within layouts/application (6.8ms)
I, [2016-06-27T18:50:34.860195 #20437]  INFO -- :   Rendered layouts/_head.html.erb (3.4ms)
I, [2016-06-27T18:50:34.865250 #20437]  INFO -- :   Rendered layouts/_navbar.html.erb (3.6ms)
I, [2016-06-27T18:50:34.866723 #20437]  INFO -- : Completed 200 OK in 44ms (Views: 32.2ms | ActiveRecord: 0.0ms)
I, [2016-06-27T19:02:29.168643 #20437]  INFO -- : Started GET "/" for 209.6.62.22 at 2016-06-27 19:02:29 -0400
I, [2016-06-27T19:02:29.181071 #20437]  INFO -- : Processing by DPagesController#home as HTML
I, [2016-06-27T19:02:29.192292 #20437]  INFO -- :   Rendered d_pages/home.html.erb within layouts/application (2.8ms)
I, [2016-06-27T19:02:29.194053 #20437]  INFO -- :   Rendered layouts/_head.html.erb (1.2ms)
I, [2016-06-27T19:02:29.197755 #20437]  INFO -- :   Rendered layouts/_navbar.html.erb (3.5ms)
I, [2016-06-27T19:02:29.199196 #20437]  INFO -- : Completed 200 OK in 17ms (Views: 10.3ms | ActiveRecord: 0.0ms)
I, [2016-06-27T19:03:25.400968 #21360]  INFO -- : Started GET "/" for 209.6.62.22 at 2016-06-27 19:03:25 -0400
I, [2016-06-27T19:03:25.412259 #21360]  INFO -- : Processing by DPagesController#home as HTML
I, [2016-06-27T19:03:25.428696 #21360]  INFO -- :   Rendered d_pages/home.html.erb within layouts/application (2.8ms)
I, [2016-06-27T19:03:25.431757 #21360]  INFO -- :   Rendered layouts/_head.html.erb (1.7ms)
I, [2016-06-27T19:03:25.433662 #21360]  INFO -- :   Rendered layouts/_navbar.html.erb (1.3ms)
I, [2016-06-27T19:03:25.434241 #21360]  INFO -- : Completed 200 OK in 22ms (Views: 11.0ms | ActiveRecord: 0.0ms)
I, [2016-06-27T19:03:25.854810 #21360]  INFO -- : Started GET "/images/michhome.jpeg" for 209.6.62.22 at 2016-06-27 19:03:25 -0400
F, [2016-06-27T19:03:25.856896 #21360] FATAL -- : 
ActionController::RoutingError (No route matches [GET] "/images/michhome.jpeg"):
  vendor/bundle/ruby/2.2.0/gems/actionpack-4.2.2/lib/action_dispatch/middleware/debug_exceptions.rb:21:in `call'
  vendor/bundle/ruby/2.2.0/gems/actionpack-4.2.2/lib/action_dispatch/middleware/show_exceptions.rb:30:in `call'
  vendor/bundle/ruby/2.2.0/gems/railties-4.2.2/lib/rails/rack/logger.rb:38:in `call_app'
  vendor/bundle/ruby/2.2.0/gems/railties-4.2.2/lib/rails/rack/logger.rb:20:in `block in call'
  vendor/bundle/ruby/2.2.0/gems/activesupport-4.2.2/lib/active_support/tagged_logging.rb:68:in `block in tagged'
  vendor/bundle/ruby/2.2.0/gems/activesupport-4.2.2/lib/active_support/tagged_logging.rb:26:in `tagged'
  vendor/bundle/ruby/2.2.0/gems/activesupport-4.2.2/lib/active_support/tagged_logging.rb:68:in `tagged'
  vendor/bundle/ruby/2.2.0/gems/railties-4.2.2/lib/rails/rack/logger.rb:20:in `call'
  vendor/bundle/ruby/2.2.0/gems/actionpack-4.2.2/lib/action_dispatch/middleware/request_id.rb:21:in `call'
  vendor/bundle/ruby/2.2.0/gems/rack-1.6.4/lib/rack/methodoverride.rb:22:in `call'
  vendor/bundle/ruby/2.2.0/gems/rack-1.6.4/lib/rack/runtime.rb:18:in `call'
  vendor/bundle/ruby/2.2.0/gems/activesupport-4.2.2/lib/active_support/cache/strategy/local_cache_middleware.rb:28:in `call'
  vendor/bundle/ruby/2.2.0/gems/rack-1.6.4/lib/rack/sendfile.rb:113:in `call'
  vendor/bundle/ruby/2.2.0/gems/railties-4.2.2/lib/rails/engine.rb:518:in `call'
  vendor/bundle/ruby/2.2.0/gems/railties-4.2.2/lib/rails/application.rb:164:in `call'
  /usr/lib/ruby/vendor_ruby/phusion_passenger/rack/thread_handler_extension.rb:97:in `process_request'
  /usr/lib/ruby/vendor_ruby/phusion_passenger/request_handler/thread_handler.rb:152:in `accept_and_process_next_request'
  /usr/lib/ruby/vendor_ruby/phusion_passenger/request_handler/thread_handler.rb:113:in `main_loop'
  /usr/lib/ruby/vendor_ruby/phusion_passenger/request_handler.rb:416:in `block (3 levels) in start_threads'
  /usr/lib/ruby/vendor_ruby/phusion_passenger/utils.rb:113:in `block in create_thread_and_abort_on_exception'


I, [2016-06-27T19:03:26.264257 #21360]  INFO -- : Started GET "/images/michhome.jpeg" for 209.6.62.22 at 2016-06-27 19:03:26 -0400
F, [2016-06-27T19:03:26.265704 #21360] FATAL -- : 
ActionController::RoutingError (No route matches [GET] "/images/michhome.jpeg"):
  vendor/bundle/ruby/2.2.0/gems/actionpack-4.2.2/lib/action_dispatch/middleware/debug_exceptions.rb:21:in `call'
  vendor/bundle/ruby/2.2.0/gems/actionpack-4.2.2/lib/action_dispatch/middleware/show_exceptions.rb:30:in `call'
  vendor/bundle/ruby/2.2.0/gems/railties-4.2.2/lib/rails/rack/logger.rb:38:in `call_app'
  vendor/bundle/ruby/2.2.0/gems/railties-4.2.2/lib/rails/rack/logger.rb:20:in `block in call'
  vendor/bundle/ruby/2.2.0/gems/activesupport-4.2.2/lib/active_support/tagged_logging.rb:68:in `block in tagged'
  vendor/bundle/ruby/2.2.0/gems/activesupport-4.2.2/lib/active_support/tagged_logging.rb:26:in `tagged'
  vendor/bundle/ruby/2.2.0/gems/activesupport-4.2.2/lib/active_support/tagged_logging.rb:68:in `tagged'
  vendor/bundle/ruby/2.2.0/gems/railties-4.2.2/lib/rails/rack/logger.rb:20:in `call'
  vendor/bundle/ruby/2.2.0/gems/actionpack-4.2.2/lib/action_dispatch/middleware/request_id.rb:21:in `call'
  vendor/bundle/ruby/2.2.0/gems/rack-1.6.4/lib/rack/methodoverride.rb:22:in `call'
  vendor/bundle/ruby/2.2.0/gems/rack-1.6.4/lib/rack/runtime.rb:18:in `call'
  vendor/bundle/ruby/2.2.0/gems/activesupport-4.2.2/lib/active_support/cache/strategy/local_cache_middleware.rb:28:in `call'
  vendor/bundle/ruby/2.2.0/gems/rack-1.6.4/lib/rack/sendfile.rb:113:in `call'
  vendor/bundle/ruby/2.2.0/gems/railties-4.2.2/lib/rails/engine.rb:518:in `call'
  vendor/bundle/ruby/2.2.0/gems/railties-4.2.2/lib/rails/application.rb:164:in `call'
  /usr/lib/ruby/vendor_ruby/phusion_passenger/rack/thread_handler_extension.rb:97:in `process_request'
  /usr/lib/ruby/vendor_ruby/phusion_passenger/request_handler/thread_handler.rb:152:in `accept_and_process_next_request'
  /usr/lib/ruby/vendor_ruby/phusion_passenger/request_handler/thread_handler.rb:113:in `main_loop'
  /usr/lib/ruby/vendor_ruby/phusion_passenger/request_handler.rb:416:in `block (3 levels) in start_threads'
  /usr/lib/ruby/vendor_ruby/phusion_passenger/utils.rb:113:in `block in create_thread_and_abort_on_exception'


I, [2016-06-27T19:04:05.115487 #21360]  INFO -- : Started GET "/" for 209.6.62.22 at 2016-06-27 19:04:05 -0400
I, [2016-06-27T19:04:05.120499 #21360]  INFO -- : Processing by DPagesController#home as HTML
I, [2016-06-27T19:04:05.124394 #21360]  INFO -- :   Rendered d_pages/home.html.erb within layouts/application (1.0ms)
I, [2016-06-27T19:04:05.125975 #21360]  INFO -- :   Rendered layouts/_head.html.erb (1.2ms)
I, [2016-06-27T19:04:05.127101 #21360]  INFO -- :   Rendered layouts/_navbar.html.erb (0.9ms)
I, [2016-06-27T19:04:05.127600 #21360]  INFO -- : Completed 200 OK in 7ms (Views: 5.2ms | ActiveRecord: 0.0ms)
I, [2016-06-27T19:04:05.171374 #21360]  INFO -- : Started GET "/images/michhome.jpeg" for 209.6.62.22 at 2016-06-27 19:04:05 -0400
F, [2016-06-27T19:04:05.174009 #21360] FATAL -- : 
ActionController::RoutingError (No route matches [GET] "/images/michhome.jpeg"):
  vendor/bundle/ruby/2.2.0/gems/actionpack-4.2.2/lib/action_dispatch/middleware/debug_exceptions.rb:21:in `call'
  vendor/bundle/ruby/2.2.0/gems/actionpack-4.2.2/lib/action_dispatch/middleware/show_exceptions.rb:30:in `call'
  vendor/bundle/ruby/2.2.0/gems/railties-4.2.2/lib/rails/rack/logger.rb:38:in `call_app'
  vendor/bundle/ruby/2.2.0/gems/railties-4.2.2/lib/rails/rack/logger.rb:20:in `block in call'
  vendor/bundle/ruby/2.2.0/gems/activesupport-4.2.2/lib/active_support/tagged_logging.rb:68:in `block in tagged'
  vendor/bundle/ruby/2.2.0/gems/activesupport-4.2.2/lib/active_support/tagged_logging.rb:26:in `tagged'
  vendor/bundle/ruby/2.2.0/gems/activesupport-4.2.2/lib/active_support/tagged_logging.rb:68:in `tagged'
  vendor/bundle/ruby/2.2.0/gems/railties-4.2.2/lib/rails/rack/logger.rb:20:in `call'
  vendor/bundle/ruby/2.2.0/gems/actionpack-4.2.2/lib/action_dispatch/middleware/request_id.rb:21:in `call'
  vendor/bundle/ruby/2.2.0/gems/rack-1.6.4/lib/rack/methodoverride.rb:22:in `call'
  vendor/bundle/ruby/2.2.0/gems/rack-1.6.4/lib/rack/runtime.rb:18:in `call'
  vendor/bundle/ruby/2.2.0/gems/activesupport-4.2.2/lib/active_support/cache/strategy/local_cache_middleware.rb:28:in `call'
  vendor/bundle/ruby/2.2.0/gems/rack-1.6.4/lib/rack/sendfile.rb:113:in `call'
  vendor/bundle/ruby/2.2.0/gems/railties-4.2.2/lib/rails/engine.rb:518:in `call'
  vendor/bundle/ruby/2.2.0/gems/railties-4.2.2/lib/rails/application.rb:164:in `call'
  /usr/lib/ruby/vendor_ruby/phusion_passenger/rack/thread_handler_extension.rb:97:in `process_request'
  /usr/lib/ruby/vendor_ruby/phusion_passenger/request_handler/thread_handler.rb:152:in `accept_and_process_next_request'
  /usr/lib/ruby/vendor_ruby/phusion_passenger/request_handler/thread_handler.rb:113:in `main_loop'
  /usr/lib/ruby/vendor_ruby/phusion_passenger/request_handler.rb:416:in `block (3 levels) in start_threads'
  /usr/lib/ruby/vendor_ruby/phusion_passenger/utils.rb:113:in `block in create_thread_and_abort_on_exception'


I, [2016-06-27T19:04:49.491702 #21545]  INFO -- : Started GET "/" for 209.6.62.22 at 2016-06-27 19:04:49 -0400
I, [2016-06-27T19:04:49.504173 #21545]  INFO -- : Processing by DPagesController#home as HTML
I, [2016-06-27T19:04:49.534167 #21545]  INFO -- :   Rendered d_pages/home.html.erb within layouts/application (6.1ms)
I, [2016-06-27T19:04:49.539569 #21545]  INFO -- :   Rendered layouts/_head.html.erb (2.9ms)
I, [2016-06-27T19:04:49.543575 #21545]  INFO -- :   Rendered layouts/_navbar.html.erb (2.9ms)
I, [2016-06-27T19:04:49.544482 #21545]  INFO -- : Completed 200 OK in 40ms (Views: 20.3ms | ActiveRecord: 0.0ms)
I, [2016-06-27T19:04:49.705478 #21545]  INFO -- : Started GET "/images/michhome.jpeg" for 209.6.62.22 at 2016-06-27 19:04:49 -0400
F, [2016-06-27T19:04:49.706939 #21545] FATAL -- : 
ActionController::RoutingError (No route matches [GET] "/images/michhome.jpeg"):
  vendor/bundle/ruby/2.2.0/gems/actionpack-4.2.2/lib/action_dispatch/middleware/debug_exceptions.rb:21:in `call'
  vendor/bundle/ruby/2.2.0/gems/actionpack-4.2.2/lib/action_dispatch/middleware/show_exceptions.rb:30:in `call'
  vendor/bundle/ruby/2.2.0/gems/railties-4.2.2/lib/rails/rack/logger.rb:38:in `call_app'
  vendor/bundle/ruby/2.2.0/gems/railties-4.2.2/lib/rails/rack/logger.rb:20:in `block in call'
  vendor/bundle/ruby/2.2.0/gems/activesupport-4.2.2/lib/active_support/tagged_logging.rb:68:in `block in tagged'
  vendor/bundle/ruby/2.2.0/gems/activesupport-4.2.2/lib/active_support/tagged_logging.rb:26:in `tagged'
  vendor/bundle/ruby/2.2.0/gems/activesupport-4.2.2/lib/active_support/tagged_logging.rb:68:in `tagged'
  vendor/bundle/ruby/2.2.0/gems/railties-4.2.2/lib/rails/rack/logger.rb:20:in `call'
  vendor/bundle/ruby/2.2.0/gems/actionpack-4.2.2/lib/action_dispatch/middleware/request_id.rb:21:in `call'
  vendor/bundle/ruby/2.2.0/gems/rack-1.6.4/lib/rack/methodoverride.rb:22:in `call'
  vendor/bundle/ruby/2.2.0/gems/rack-1.6.4/lib/rack/runtime.rb:18:in `call'
  vendor/bundle/ruby/2.2.0/gems/activesupport-4.2.2/lib/active_support/cache/strategy/local_cache_middleware.rb:28:in `call'
  vendor/bundle/ruby/2.2.0/gems/rack-1.6.4/lib/rack/sendfile.rb:113:in `call'
  vendor/bundle/ruby/2.2.0/gems/railties-4.2.2/lib/rails/engine.rb:518:in `call'
  vendor/bundle/ruby/2.2.0/gems/railties-4.2.2/lib/rails/application.rb:164:in `call'
  /usr/lib/ruby/vendor_ruby/phusion_passenger/rack/thread_handler_extension.rb:97:in `process_request'
  /usr/lib/ruby/vendor_ruby/phusion_passenger/request_handler/thread_handler.rb:152:in `accept_and_process_next_request'
  /usr/lib/ruby/vendor_ruby/phusion_passenger/request_handler/thread_handler.rb:113:in `main_loop'
  /usr/lib/ruby/vendor_ruby/phusion_passenger/request_handler.rb:416:in `block (3 levels) in start_threads'
  /usr/lib/ruby/vendor_ruby/phusion_passenger/utils.rb:113:in `block in create_thread_and_abort_on_exception'


I, [2016-06-27T19:04:52.773356 #21545]  INFO -- : Started GET "/" for 209.6.62.22 at 2016-06-27 19:04:52 -0400
I, [2016-06-27T19:04:52.775920 #21545]  INFO -- : Processing by DPagesController#home as HTML
I, [2016-06-27T19:04:52.779380 #21545]  INFO -- :   Rendered d_pages/home.html.erb within layouts/application (1.5ms)
I, [2016-06-27T19:04:52.780881 #21545]  INFO -- :   Rendered layouts/_head.html.erb (1.1ms)
I, [2016-06-27T19:04:52.782039 #21545]  INFO -- :   Rendered layouts/_navbar.html.erb (0.8ms)
I, [2016-06-27T19:04:52.783024 #21545]  INFO -- : Completed 200 OK in 7ms (Views: 5.1ms | ActiveRecord: 0.0ms)
I, [2016-06-27T19:04:52.937023 #21545]  INFO -- : Started GET "/images/michhome.jpeg" for 209.6.62.22 at 2016-06-27 19:04:52 -0400
F, [2016-06-27T19:04:52.939578 #21545] FATAL -- : 
ActionController::RoutingError (No route matches [GET] "/images/michhome.jpeg"):
  vendor/bundle/ruby/2.2.0/gems/actionpack-4.2.2/lib/action_dispatch/middleware/debug_exceptions.rb:21:in `call'
  vendor/bundle/ruby/2.2.0/gems/actionpack-4.2.2/lib/action_dispatch/middleware/show_exceptions.rb:30:in `call'
  vendor/bundle/ruby/2.2.0/gems/railties-4.2.2/lib/rails/rack/logger.rb:38:in `call_app'
  vendor/bundle/ruby/2.2.0/gems/railties-4.2.2/lib/rails/rack/logger.rb:20:in `block in call'
  vendor/bundle/ruby/2.2.0/gems/activesupport-4.2.2/lib/active_support/tagged_logging.rb:68:in `block in tagged'
  vendor/bundle/ruby/2.2.0/gems/activesupport-4.2.2/lib/active_support/tagged_logging.rb:26:in `tagged'
  vendor/bundle/ruby/2.2.0/gems/activesupport-4.2.2/lib/active_support/tagged_logging.rb:68:in `tagged'
  vendor/bundle/ruby/2.2.0/gems/railties-4.2.2/lib/rails/rack/logger.rb:20:in `call'
  vendor/bundle/ruby/2.2.0/gems/actionpack-4.2.2/lib/action_dispatch/middleware/request_id.rb:21:in `call'
  vendor/bundle/ruby/2.2.0/gems/rack-1.6.4/lib/rack/methodoverride.rb:22:in `call'
  vendor/bundle/ruby/2.2.0/gems/rack-1.6.4/lib/rack/runtime.rb:18:in `call'
  vendor/bundle/ruby/2.2.0/gems/activesupport-4.2.2/lib/active_support/cache/strategy/local_cache_middleware.rb:28:in `call'
  vendor/bundle/ruby/2.2.0/gems/rack-1.6.4/lib/rack/sendfile.rb:113:in `call'
  vendor/bundle/ruby/2.2.0/gems/railties-4.2.2/lib/rails/engine.rb:518:in `call'
  vendor/bundle/ruby/2.2.0/gems/railties-4.2.2/lib/rails/application.rb:164:in `call'
  /usr/lib/ruby/vendor_ruby/phusion_passenger/rack/thread_handler_extension.rb:97:in `process_request'
  /usr/lib/ruby/vendor_ruby/phusion_passenger/request_handler/thread_handler.rb:152:in `accept_and_process_next_request'
  /usr/lib/ruby/vendor_ruby/phusion_passenger/request_handler/thread_handler.rb:113:in `main_loop'
  /usr/lib/ruby/vendor_ruby/phusion_passenger/request_handler.rb:416:in `block (3 levels) in start_threads'
  /usr/lib/ruby/vendor_ruby/phusion_passenger/utils.rb:113:in `block in create_thread_and_abort_on_exception'


I, [2016-06-27T19:04:53.083666 #21545]  INFO -- : Started GET "/images/michhome.jpeg" for 209.6.62.22 at 2016-06-27 19:04:53 -0400
F, [2016-06-27T19:04:53.085284 #21545] FATAL -- : 
ActionController::RoutingError (No route matches [GET] "/images/michhome.jpeg"):
  vendor/bundle/ruby/2.2.0/gems/actionpack-4.2.2/lib/action_dispatch/middleware/debug_exceptions.rb:21:in `call'
  vendor/bundle/ruby/2.2.0/gems/actionpack-4.2.2/lib/action_dispatch/middleware/show_exceptions.rb:30:in `call'
  vendor/bundle/ruby/2.2.0/gems/railties-4.2.2/lib/rails/rack/logger.rb:38:in `call_app'
  vendor/bundle/ruby/2.2.0/gems/railties-4.2.2/lib/rails/rack/logger.rb:20:in `block in call'
  vendor/bundle/ruby/2.2.0/gems/activesupport-4.2.2/lib/active_support/tagged_logging.rb:68:in `block in tagged'
  vendor/bundle/ruby/2.2.0/gems/activesupport-4.2.2/lib/active_support/tagged_logging.rb:26:in `tagged'
  vendor/bundle/ruby/2.2.0/gems/activesupport-4.2.2/lib/active_support/tagged_logging.rb:68:in `tagged'
  vendor/bundle/ruby/2.2.0/gems/railties-4.2.2/lib/rails/rack/logger.rb:20:in `call'
  vendor/bundle/ruby/2.2.0/gems/actionpack-4.2.2/lib/action_dispatch/middleware/request_id.rb:21:in `call'
  vendor/bundle/ruby/2.2.0/gems/rack-1.6.4/lib/rack/methodoverride.rb:22:in `call'
  vendor/bundle/ruby/2.2.0/gems/rack-1.6.4/lib/rack/runtime.rb:18:in `call'
  vendor/bundle/ruby/2.2.0/gems/activesupport-4.2.2/lib/active_support/cache/strategy/local_cache_middleware.rb:28:in `call'
  vendor/bundle/ruby/2.2.0/gems/rack-1.6.4/lib/rack/sendfile.rb:113:in `call'
  vendor/bundle/ruby/2.2.0/gems/railties-4.2.2/lib/rails/engine.rb:518:in `call'
  vendor/bundle/ruby/2.2.0/gems/railties-4.2.2/lib/rails/application.rb:164:in `call'
  /usr/lib/ruby/vendor_ruby/phusion_passenger/rack/thread_handler_extension.rb:97:in `process_request'
  /usr/lib/ruby/vendor_ruby/phusion_passenger/request_handler/thread_handler.rb:152:in `accept_and_process_next_request'
  /usr/lib/ruby/vendor_ruby/phusion_passenger/request_handler/thread_handler.rb:113:in `main_loop'
  /usr/lib/ruby/vendor_ruby/phusion_passenger/request_handler.rb:416:in `block (3 levels) in start_threads'
  /usr/lib/ruby/vendor_ruby/phusion_passenger/utils.rb:113:in `block in create_thread_and_abort_on_exception'


I, [2016-06-27T19:05:08.259960 #21545]  INFO -- : Started GET "/" for 209.6.62.22 at 2016-06-27 19:05:08 -0400
I, [2016-06-27T19:05:08.261731 #21545]  INFO -- : Processing by DPagesController#home as HTML
I, [2016-06-27T19:05:08.265605 #21545]  INFO -- :   Rendered d_pages/home.html.erb within layouts/application (0.7ms)
I, [2016-06-27T19:05:08.266775 #21545]  INFO -- :   Rendered layouts/_head.html.erb (0.8ms)
I, [2016-06-27T19:05:08.267510 #21545]  INFO -- :   Rendered layouts/_navbar.html.erb (0.5ms)
I, [2016-06-27T19:05:08.267866 #21545]  INFO -- : Completed 200 OK in 6ms (Views: 3.6ms | ActiveRecord: 0.0ms)
I, [2016-06-27T19:05:08.321403 #21545]  INFO -- : Started GET "/images/michhome.jpeg" for 209.6.62.22 at 2016-06-27 19:05:08 -0400
F, [2016-06-27T19:05:08.324295 #21545] FATAL -- : 
ActionController::RoutingError (No route matches [GET] "/images/michhome.jpeg"):
  vendor/bundle/ruby/2.2.0/gems/actionpack-4.2.2/lib/action_dispatch/middleware/debug_exceptions.rb:21:in `call'
  vendor/bundle/ruby/2.2.0/gems/actionpack-4.2.2/lib/action_dispatch/middleware/show_exceptions.rb:30:in `call'
  vendor/bundle/ruby/2.2.0/gems/railties-4.2.2/lib/rails/rack/logger.rb:38:in `call_app'
  vendor/bundle/ruby/2.2.0/gems/railties-4.2.2/lib/rails/rack/logger.rb:20:in `block in call'
  vendor/bundle/ruby/2.2.0/gems/activesupport-4.2.2/lib/active_support/tagged_logging.rb:68:in `block in tagged'
  vendor/bundle/ruby/2.2.0/gems/activesupport-4.2.2/lib/active_support/tagged_logging.rb:26:in `tagged'
  vendor/bundle/ruby/2.2.0/gems/activesupport-4.2.2/lib/active_support/tagged_logging.rb:68:in `tagged'
  vendor/bundle/ruby/2.2.0/gems/railties-4.2.2/lib/rails/rack/logger.rb:20:in `call'
  vendor/bundle/ruby/2.2.0/gems/actionpack-4.2.2/lib/action_dispatch/middleware/request_id.rb:21:in `call'
  vendor/bundle/ruby/2.2.0/gems/rack-1.6.4/lib/rack/methodoverride.rb:22:in `call'
  vendor/bundle/ruby/2.2.0/gems/rack-1.6.4/lib/rack/runtime.rb:18:in `call'
  vendor/bundle/ruby/2.2.0/gems/activesupport-4.2.2/lib/active_support/cache/strategy/local_cache_middleware.rb:28:in `call'
  vendor/bundle/ruby/2.2.0/gems/rack-1.6.4/lib/rack/sendfile.rb:113:in `call'
  vendor/bundle/ruby/2.2.0/gems/railties-4.2.2/lib/rails/engine.rb:518:in `call'
  vendor/bundle/ruby/2.2.0/gems/railties-4.2.2/lib/rails/application.rb:164:in `call'
  /usr/lib/ruby/vendor_ruby/phusion_passenger/rack/thread_handler_extension.rb:97:in `process_request'
  /usr/lib/ruby/vendor_ruby/phusion_passenger/request_handler/thread_handler.rb:152:in `accept_and_process_next_request'
  /usr/lib/ruby/vendor_ruby/phusion_passenger/request_handler/thread_handler.rb:113:in `main_loop'
  /usr/lib/ruby/vendor_ruby/phusion_passenger/request_handler.rb:416:in `block (3 levels) in start_threads'
  /usr/lib/ruby/vendor_ruby/phusion_passenger/utils.rb:113:in `block in create_thread_and_abort_on_exception'


